#
# There is insufficient memory for the Java Runtime Environment to continue.
# Native memory allocation (mmap) failed to map 41943040 bytes for G1 virtual space
# Possible reasons:
#   The system is out of physical RAM or swap space
#   The process is running with CompressedOops enabled, and the Java Heap may be blocking the growth of the native heap
# Possible solutions:
#   Reduce memory load on the system
#   Increase physical memory or swap space
#   Check if swap backing store is full
#   Decrease Java heap size (-Xmx/-Xms)
#   Decrease number of Java threads
#   Decrease Java thread stack sizes (-Xss)
#   Set larger code cache with -XX:ReservedCodeCacheSize=
#   JVM is running with Zero Based Compressed Oops mode in which the Java heap is
#     placed in the first 32GB address space. The Java Heap base address is the
#     maximum limit for the native heap growth. Please use -XX:HeapBaseMinAddress
#     to set the Java Heap base and to place the Java Heap above 32GB virtual address.
# This output file may be truncated or incomplete.
#
#  Out of Memory Error (os_windows.cpp:3469), pid=16724, tid=9296
#
# JRE version: OpenJDK Runtime Environment Temurin-17.0.1+12 (17.0.1+12) (build 17.0.1+12)
# Java VM: OpenJDK 64-Bit Server VM Temurin-17.0.1+12 (17.0.1+12, mixed mode, emulated-client, tiered, compressed oops, compressed class ptrs, g1 gc, windows-amd64)
# No core dump will be written. Minidumps are not enabled by default on client versions of Windows
#

---------------  S U M M A R Y ------------

Command Line: -Dcom.sun.management.jmxremote -Dcom.sun.management.jmxremote.port=65041 -Dcom.sun.management.jmxremote.authenticate=false -Dcom.sun.management.jmxremote.ssl=false -Djava.rmi.server.hostname=localhost -Dspring.jmx.enabled=true -Dspring.application.admin.enabled=true -XX:TieredStopAtLevel=1 -Dspring.boot.project.name=VisitDetails -Dfile.encoding=UTF-8 -XX:+ShowCodeDetailsInExceptionMessages com.impact.pms.VisitDetailsApplication --spring.output.ansi.enabled=always

Host: Intel(R) Xeon(R) Gold 6258R CPU @ 2.70GHz, 2 cores, 11G,  Windows 10 , 64 bit Build 19041 (10.0.19041.1806)
Time: Sun Aug  7 22:00:58 2022 India Standard Time elapsed time: 1.951588 seconds (0d 0h 0m 1s)

---------------  T H R E A D  ---------------

Current thread (0x0000012529420630):  VMThread "VM Thread" [stack: 0x000000246bc00000,0x000000246bd00000] [id=9296]

Stack: [0x000000246bc00000,0x000000246bd00000]
Native frames: (J=compiled Java code, j=interpreted, Vv=VM code, C=native code)
V  [jvm.dll+0x6744da]
V  [jvm.dll+0x82e144]
V  [jvm.dll+0x82f8ee]
V  [jvm.dll+0x82ff53]
V  [jvm.dll+0x245175]
V  [jvm.dll+0x6714c9]
V  [jvm.dll+0x665f92]
V  [jvm.dll+0x303c3b]
V  [jvm.dll+0x30b176]
V  [jvm.dll+0x35af1e]
V  [jvm.dll+0x35b14f]
V  [jvm.dll+0x2dab78]
V  [jvm.dll+0x2d8e2c]
V  [jvm.dll+0x2d83fc]
V  [jvm.dll+0x32bd3c]
V  [jvm.dll+0x8343bb]
V  [jvm.dll+0x8350f4]
V  [jvm.dll+0x83560c]
V  [jvm.dll+0x8359e4]
V  [jvm.dll+0x835ab0]
V  [jvm.dll+0x7de51a]
V  [jvm.dll+0x673305]
C  [ucrtbase.dll+0x21bb2]
C  [KERNEL32.DLL+0x17034]
C  [ntdll.dll+0x52651]

VM_Operation (0x000000246d3fa240): CollectForMetadataAllocation, mode: safepoint, requested by thread 0x0000012518fe1440


---------------  P R O C E S S  ---------------

Threads class SMR info:
_java_thread_list=0x000001252aa27350, length=22, elements={
0x0000012518ff18a0, 0x0000012518d6a400, 0x0000012518da81f0, 0x0000012529450070,
0x0000012529450c20, 0x00000125294535e0, 0x0000012529455fa0, 0x000001252946daa0,
0x00000125294a7f70, 0x0000012518d4b990, 0x0000012518d4be60, 0x00000125296324c0,
0x0000012529b59820, 0x0000012529b5dd10, 0x0000012529c4a410, 0x0000012529d36fe0,
0x0000012529d3b090, 0x0000012529f6f040, 0x0000012529fc9d60, 0x0000012518fe0f70,
0x0000012518fde8f0, 0x0000012518fe1440
}

Java Threads: ( => current thread )
  0x0000012518ff18a0 JavaThread "main" [_thread_blocked, id=4792, stack(0x000000246b500000,0x000000246b600000)]
  0x0000012518d6a400 JavaThread "Reference Handler" daemon [_thread_blocked, id=14272, stack(0x000000246bd00000,0x000000246be00000)]
  0x0000012518da81f0 JavaThread "Finalizer" daemon [_thread_blocked, id=13256, stack(0x000000246be00000,0x000000246bf00000)]
  0x0000012529450070 JavaThread "Signal Dispatcher" daemon [_thread_blocked, id=13004, stack(0x000000246bf00000,0x000000246c000000)]
  0x0000012529450c20 JavaThread "Attach Listener" daemon [_thread_blocked, id=1152, stack(0x000000246c000000,0x000000246c100000)]
  0x00000125294535e0 JavaThread "Service Thread" daemon [_thread_blocked, id=16768, stack(0x000000246c100000,0x000000246c200000)]
  0x0000012529455fa0 JavaThread "Monitor Deflation Thread" daemon [_thread_blocked, id=7132, stack(0x000000246c200000,0x000000246c300000)]
  0x000001252946daa0 JavaThread "C1 CompilerThread0" daemon [_thread_blocked, id=6392, stack(0x000000246c300000,0x000000246c400000)]
  0x00000125294a7f70 JavaThread "Sweeper thread" daemon [_thread_blocked, id=17432, stack(0x000000246c400000,0x000000246c500000)]
  0x0000012518d4b990 JavaThread "Common-Cleaner" daemon [_thread_blocked, id=8528, stack(0x000000246c500000,0x000000246c600000)]
  0x0000012518d4be60 JavaThread "C1 CompilerThread1" daemon [_thread_blocked, id=17488, stack(0x000000246c600000,0x000000246c700000)]
  0x00000125296324c0 JavaThread "Notification Thread" daemon [_thread_blocked, id=16216, stack(0x000000246c700000,0x000000246c800000)]
  0x0000012529b59820 JavaThread "RMI TCP Accept-0" daemon [_thread_in_native, id=10948, stack(0x000000246c900000,0x000000246ca00000)]
  0x0000012529b5dd10 JavaThread "RMI TCP Accept-65041" daemon [_thread_in_native, id=4344, stack(0x000000246ca00000,0x000000246cb00000)]
  0x0000012529c4a410 JavaThread "RMI TCP Accept-0" daemon [_thread_in_native, id=2584, stack(0x000000246cb00000,0x000000246cc00000)]
  0x0000012529d36fe0 JavaThread "RMI TCP Connection(1)-127.0.0.1" daemon [_thread_in_native, id=10964, stack(0x000000246cd00000,0x000000246ce00000)]
  0x0000012529d3b090 JavaThread "RMI Scheduler(0)" daemon [_thread_blocked, id=12108, stack(0x000000246ce00000,0x000000246cf00000)]
  0x0000012529f6f040 JavaThread "RMI TCP Connection(2)-127.0.0.1" daemon [_thread_in_native, id=12308, stack(0x000000246cf00000,0x000000246d000000)]
  0x0000012529fc9d60 JavaThread "JMX server connection timeout 20" daemon [_thread_blocked, id=15576, stack(0x000000246d000000,0x000000246d100000)]
  0x0000012518fe0f70 JavaThread "Thread-0" [_thread_blocked, id=756, stack(0x000000246d100000,0x000000246d200000)]
  0x0000012518fde8f0 JavaThread "restartedMain" [_thread_blocked, id=16132, stack(0x000000246d200000,0x000000246d300000)]
  0x0000012518fe1440 JavaThread "background-preinit" [_thread_blocked, id=7640, stack(0x000000246d300000,0x000000246d400000)]

Other Threads:
=>0x0000012529420630 VMThread "VM Thread" [stack: 0x000000246bc00000,0x000000246bd00000] [id=9296]
  0x0000012518ff2760 WatcherThread [stack: 0x000000246cc00000,0x000000246cd00000] [id=10336]
  0x0000012519037740 GCTaskThread "GC Thread#0" [stack: 0x000000246b700000,0x000000246b800000] [id=16448]
  0x0000012529ac0aa0 GCTaskThread "GC Thread#1" [stack: 0x000000246c800000,0x000000246c900000] [id=16680]
  0x0000012519044680 ConcurrentGCThread "G1 Main Marker" [stack: 0x000000246b800000,0x000000246b900000] [id=14616]
  0x0000012519048800 ConcurrentGCThread "G1 Conc#0" [stack: 0x000000246b900000,0x000000246ba00000] [id=6660]
  0x000001251906e5b0 ConcurrentGCThread "G1 Refine#0" [stack: 0x000000246ba00000,0x000000246bb00000] [id=2628]
  0x0000012518c19170 ConcurrentGCThread "G1 Service" [stack: 0x000000246bb00000,0x000000246bc00000] [id=12160]

Threads with active compile tasks:

VM state: at safepoint (normal execution)

VM Mutex/Monitor currently owned by a thread:  ([mutex/lock_event])
[0x0000012518fee170] Threads_lock - owner thread: 0x0000012529420630
[0x0000012518fec8b0] Heap_lock - owner thread: 0x0000012518fe1440

Heap address: 0x0000000740000000, size: 3072 MB, Compressed Oops mode: Zero based, Oop shift amount: 3

CDS archive(s) not mapped
Compressed class space mapped at: 0x0000000800000000-0x0000000840000000, reserved size: 1073741824
Narrow klass base: 0x0000000800000000, Narrow klass shift: 0, Narrow klass range: 0x40000000

GC Precious Log:
 CPUs: 2 total, 2 available
 Memory: 12287M
 Large Page Support: Disabled
 NUMA Support: Disabled
 Compressed Oops: Enabled (Zero based)
 Heap Region Size: 2M
 Heap Min Capacity: 8M
 Heap Initial Capacity: 192M
 Heap Max Capacity: 3G
 Pre-touch: Disabled
 Parallel Workers: 2
 Concurrent Workers: 1
 Concurrent Refinement Workers: 2
 Periodic GC: Disabled

Heap:
 garbage-first heap   total 196608K, used 8618K [0x0000000740000000, 0x0000000800000000)
  region size 2048K, 2 young (4096K), 2 survivors (4096K)
 Metaspace       used 21218K, committed 21504K, reserved 1073152K
  class space    used 2448K, committed 2624K, reserved 1048576K

Heap Regions: E=young(eden), S=young(survivor), O=old, HS=humongous(starts), HC=humongous(continues), CS=collection set, F=free, OA=open archive, CA=closed archive, TAMS=top-at-mark-start (previous, next)
|   0|0x0000000740000000, 0x0000000740200000, 0x0000000740200000|100%| O|  |TAMS 0x0000000740000000, 0x0000000740200000| Untracked 
|   1|0x0000000740200000, 0x0000000740400000, 0x0000000740400000|100%| O|  |TAMS 0x0000000740200000, 0x0000000740400000| Untracked 
|   2|0x0000000740400000, 0x00000007405a2000, 0x0000000740600000| 81%| O|  |TAMS 0x0000000740400000, 0x00000007405a2000| Untracked 
|   3|0x0000000740600000, 0x0000000740600000, 0x0000000740800000|  0%| F|  |TAMS 0x0000000740600000, 0x0000000740600000| Untracked 
|   4|0x0000000740800000, 0x0000000740800000, 0x0000000740a00000|  0%| F|  |TAMS 0x0000000740800000, 0x0000000740800000| Untracked 
|   5|0x0000000740a00000, 0x0000000740a00000, 0x0000000740c00000|  0%| F|  |TAMS 0x0000000740a00000, 0x0000000740a00000| Untracked 
|   6|0x0000000740c00000, 0x0000000740c00000, 0x0000000740e00000|  0%| F|  |TAMS 0x0000000740c00000, 0x0000000740c00000| Untracked 
|   7|0x0000000740e00000, 0x0000000740e00000, 0x0000000741000000|  0%| F|  |TAMS 0x0000000740e00000, 0x0000000740e00000| Untracked 
|   8|0x0000000741000000, 0x0000000741000000, 0x0000000741200000|  0%| F|  |TAMS 0x0000000741000000, 0x0000000741000000| Untracked 
|   9|0x0000000741200000, 0x0000000741200000, 0x0000000741400000|  0%| F|  |TAMS 0x0000000741200000, 0x0000000741200000| Untracked 
|  10|0x0000000741400000, 0x0000000741400000, 0x0000000741600000|  0%| F|  |TAMS 0x0000000741400000, 0x0000000741400000| Untracked 
|  11|0x0000000741600000, 0x0000000741600000, 0x0000000741800000|  0%| F|  |TAMS 0x0000000741600000, 0x0000000741600000| Untracked 
|  12|0x0000000741800000, 0x0000000741800000, 0x0000000741a00000|  0%| F|  |TAMS 0x0000000741800000, 0x0000000741800000| Untracked 
|  13|0x0000000741a00000, 0x0000000741a00000, 0x0000000741c00000|  0%| F|  |TAMS 0x0000000741a00000, 0x0000000741a00000| Untracked 
|  14|0x0000000741c00000, 0x0000000741c00000, 0x0000000741e00000|  0%| F|  |TAMS 0x0000000741c00000, 0x0000000741c00000| Untracked 
|  15|0x0000000741e00000, 0x0000000741e00000, 0x0000000742000000|  0%| F|  |TAMS 0x0000000741e00000, 0x0000000741e00000| Untracked 
|  16|0x0000000742000000, 0x0000000742000000, 0x0000000742200000|  0%| F|  |TAMS 0x0000000742000000, 0x0000000742000000| Untracked 
|  17|0x0000000742200000, 0x0000000742200000, 0x0000000742400000|  0%| F|  |TAMS 0x0000000742200000, 0x0000000742200000| Untracked 
|  18|0x0000000742400000, 0x0000000742400000, 0x0000000742600000|  0%| F|  |TAMS 0x0000000742400000, 0x0000000742400000| Untracked 
|  19|0x0000000742600000, 0x0000000742600000, 0x0000000742800000|  0%| F|  |TAMS 0x0000000742600000, 0x0000000742600000| Untracked 
|  20|0x0000000742800000, 0x0000000742800000, 0x0000000742a00000|  0%| F|  |TAMS 0x0000000742800000, 0x0000000742800000| Untracked 
|  21|0x0000000742a00000, 0x0000000742a00000, 0x0000000742c00000|  0%| F|  |TAMS 0x0000000742a00000, 0x0000000742a00000| Untracked 
|  22|0x0000000742c00000, 0x0000000742c00000, 0x0000000742e00000|  0%| F|  |TAMS 0x0000000742c00000, 0x0000000742c00000| Untracked 
|  23|0x0000000742e00000, 0x0000000742e00000, 0x0000000743000000|  0%| F|  |TAMS 0x0000000742e00000, 0x0000000742e00000| Untracked 
|  24|0x0000000743000000, 0x0000000743000000, 0x0000000743200000|  0%| F|  |TAMS 0x0000000743000000, 0x0000000743000000| Untracked 
|  25|0x0000000743200000, 0x0000000743200000, 0x0000000743400000|  0%| F|  |TAMS 0x0000000743200000, 0x0000000743200000| Untracked 
|  26|0x0000000743400000, 0x0000000743400000, 0x0000000743600000|  0%| F|  |TAMS 0x0000000743400000, 0x0000000743400000| Untracked 
|  27|0x0000000743600000, 0x0000000743600000, 0x0000000743800000|  0%| F|  |TAMS 0x0000000743600000, 0x0000000743600000| Untracked 
|  28|0x0000000743800000, 0x0000000743800000, 0x0000000743a00000|  0%| F|  |TAMS 0x0000000743800000, 0x0000000743800000| Untracked 
|  29|0x0000000743a00000, 0x0000000743a00000, 0x0000000743c00000|  0%| F|  |TAMS 0x0000000743a00000, 0x0000000743a00000| Untracked 
|  30|0x0000000743c00000, 0x0000000743c00000, 0x0000000743e00000|  0%| F|  |TAMS 0x0000000743c00000, 0x0000000743c00000| Untracked 
|  31|0x0000000743e00000, 0x0000000743e00000, 0x0000000744000000|  0%| F|  |TAMS 0x0000000743e00000, 0x0000000743e00000| Untracked 
|  32|0x0000000744000000, 0x0000000744000000, 0x0000000744200000|  0%| F|  |TAMS 0x0000000744000000, 0x0000000744000000| Untracked 
|  33|0x0000000744200000, 0x0000000744200000, 0x0000000744400000|  0%| F|  |TAMS 0x0000000744200000, 0x0000000744200000| Untracked 
|  34|0x0000000744400000, 0x0000000744400000, 0x0000000744600000|  0%| F|  |TAMS 0x0000000744400000, 0x0000000744400000| Untracked 
|  35|0x0000000744600000, 0x0000000744600000, 0x0000000744800000|  0%| F|  |TAMS 0x0000000744600000, 0x0000000744600000| Untracked 
|  36|0x0000000744800000, 0x0000000744800000, 0x0000000744a00000|  0%| F|  |TAMS 0x0000000744800000, 0x0000000744800000| Untracked 
|  37|0x0000000744a00000, 0x0000000744a00000, 0x0000000744c00000|  0%| F|  |TAMS 0x0000000744a00000, 0x0000000744a00000| Untracked 
|  38|0x0000000744c00000, 0x0000000744c00000, 0x0000000744e00000|  0%| F|  |TAMS 0x0000000744c00000, 0x0000000744c00000| Untracked 
|  39|0x0000000744e00000, 0x0000000744e00000, 0x0000000745000000|  0%| F|  |TAMS 0x0000000744e00000, 0x0000000744e00000| Untracked 
|  40|0x0000000745000000, 0x0000000745000000, 0x0000000745200000|  0%| F|  |TAMS 0x0000000745000000, 0x0000000745000000| Untracked 
|  41|0x0000000745200000, 0x0000000745200000, 0x0000000745400000|  0%| F|  |TAMS 0x0000000745200000, 0x0000000745200000| Untracked 
|  42|0x0000000745400000, 0x0000000745400000, 0x0000000745600000|  0%| F|  |TAMS 0x0000000745400000, 0x0000000745400000| Untracked 
|  43|0x0000000745600000, 0x0000000745600000, 0x0000000745800000|  0%| F|  |TAMS 0x0000000745600000, 0x0000000745600000| Untracked 
|  44|0x0000000745800000, 0x0000000745800000, 0x0000000745a00000|  0%| F|  |TAMS 0x0000000745800000, 0x0000000745800000| Untracked 
|  45|0x0000000745a00000, 0x0000000745a00000, 0x0000000745c00000|  0%| F|  |TAMS 0x0000000745a00000, 0x0000000745a00000| Untracked 
|  46|0x0000000745c00000, 0x0000000745c00000, 0x0000000745e00000|  0%| F|  |TAMS 0x0000000745c00000, 0x0000000745c00000| Untracked 
|  47|0x0000000745e00000, 0x0000000745e00000, 0x0000000746000000|  0%| F|  |TAMS 0x0000000745e00000, 0x0000000745e00000| Untracked 
|  48|0x0000000746000000, 0x0000000746000000, 0x0000000746200000|  0%| F|  |TAMS 0x0000000746000000, 0x0000000746000000| Untracked 
|  49|0x0000000746200000, 0x0000000746200000, 0x0000000746400000|  0%| F|  |TAMS 0x0000000746200000, 0x0000000746200000| Untracked 
|  50|0x0000000746400000, 0x0000000746400000, 0x0000000746600000|  0%| F|  |TAMS 0x0000000746400000, 0x0000000746400000| Untracked 
|  51|0x0000000746600000, 0x0000000746600000, 0x0000000746800000|  0%| F|  |TAMS 0x0000000746600000, 0x0000000746600000| Untracked 
|  52|0x0000000746800000, 0x0000000746800000, 0x0000000746a00000|  0%| F|  |TAMS 0x0000000746800000, 0x0000000746800000| Untracked 
|  53|0x0000000746a00000, 0x0000000746a00000, 0x0000000746c00000|  0%| F|  |TAMS 0x0000000746a00000, 0x0000000746a00000| Untracked 
|  54|0x0000000746c00000, 0x0000000746c00000, 0x0000000746e00000|  0%| F|  |TAMS 0x0000000746c00000, 0x0000000746c00000| Untracked 
|  55|0x0000000746e00000, 0x0000000746e00000, 0x0000000747000000|  0%| F|  |TAMS 0x0000000746e00000, 0x0000000746e00000| Untracked 
|  56|0x0000000747000000, 0x0000000747000000, 0x0000000747200000|  0%| F|  |TAMS 0x0000000747000000, 0x0000000747000000| Untracked 
|  57|0x0000000747200000, 0x0000000747200000, 0x0000000747400000|  0%| F|  |TAMS 0x0000000747200000, 0x0000000747200000| Untracked 
|  58|0x0000000747400000, 0x0000000747400000, 0x0000000747600000|  0%| F|  |TAMS 0x0000000747400000, 0x0000000747400000| Untracked 
|  59|0x0000000747600000, 0x0000000747600000, 0x0000000747800000|  0%| F|  |TAMS 0x0000000747600000, 0x0000000747600000| Untracked 
|  60|0x0000000747800000, 0x0000000747800000, 0x0000000747a00000|  0%| F|  |TAMS 0x0000000747800000, 0x0000000747800000| Untracked 
|  61|0x0000000747a00000, 0x0000000747a00000, 0x0000000747c00000|  0%| F|  |TAMS 0x0000000747a00000, 0x0000000747a00000| Untracked 
|  62|0x0000000747c00000, 0x0000000747c00000, 0x0000000747e00000|  0%| F|  |TAMS 0x0000000747c00000, 0x0000000747c00000| Untracked 
|  63|0x0000000747e00000, 0x0000000747e00000, 0x0000000748000000|  0%| F|  |TAMS 0x0000000747e00000, 0x0000000747e00000| Untracked 
|  64|0x0000000748000000, 0x0000000748000000, 0x0000000748200000|  0%| F|  |TAMS 0x0000000748000000, 0x0000000748000000| Untracked 
|  65|0x0000000748200000, 0x0000000748200000, 0x0000000748400000|  0%| F|  |TAMS 0x0000000748200000, 0x0000000748200000| Untracked 
|  66|0x0000000748400000, 0x0000000748400000, 0x0000000748600000|  0%| F|  |TAMS 0x0000000748400000, 0x0000000748400000| Untracked 
|  67|0x0000000748600000, 0x00000007486c8a98, 0x0000000748800000| 39%| S|CS|TAMS 0x0000000748600000, 0x0000000748600000| Complete 
|  68|0x0000000748800000, 0x0000000748a00000, 0x0000000748a00000|100%| S|CS|TAMS 0x0000000748800000, 0x0000000748800000| Complete 
|  69|0x0000000748a00000, 0x0000000748a00000, 0x0000000748c00000|  0%| F|  |TAMS 0x0000000748a00000, 0x0000000748a00000| Untracked 
|  70|0x0000000748c00000, 0x0000000748c00000, 0x0000000748e00000|  0%| F|  |TAMS 0x0000000748c00000, 0x0000000748c00000| Untracked 
|  71|0x0000000748e00000, 0x0000000748e00000, 0x0000000749000000|  0%| F|  |TAMS 0x0000000748e00000, 0x0000000748e00000| Untracked 
|  72|0x0000000749000000, 0x0000000749000000, 0x0000000749200000|  0%| F|  |TAMS 0x0000000749000000, 0x0000000749000000| Untracked 
|  73|0x0000000749200000, 0x0000000749200000, 0x0000000749400000|  0%| F|  |TAMS 0x0000000749200000, 0x0000000749200000| Untracked 
|  74|0x0000000749400000, 0x0000000749400000, 0x0000000749600000|  0%| F|  |TAMS 0x0000000749400000, 0x0000000749400000| Untracked 
|  75|0x0000000749600000, 0x0000000749600000, 0x0000000749800000|  0%| F|  |TAMS 0x0000000749600000, 0x0000000749600000| Untracked 
|  76|0x0000000749800000, 0x0000000749800000, 0x0000000749a00000|  0%| F|  |TAMS 0x0000000749800000, 0x0000000749800000| Untracked 
|  77|0x0000000749a00000, 0x0000000749a00000, 0x0000000749c00000|  0%| F|  |TAMS 0x0000000749a00000, 0x0000000749a00000| Untracked 
|  78|0x0000000749c00000, 0x0000000749c00000, 0x0000000749e00000|  0%| F|  |TAMS 0x0000000749c00000, 0x0000000749c00000| Untracked 
|  79|0x0000000749e00000, 0x0000000749e00000, 0x000000074a000000|  0%| F|  |TAMS 0x0000000749e00000, 0x0000000749e00000| Untracked 
|  80|0x000000074a000000, 0x000000074a000000, 0x000000074a200000|  0%| F|  |TAMS 0x000000074a000000, 0x000000074a000000| Untracked 
|  81|0x000000074a200000, 0x000000074a200000, 0x000000074a400000|  0%| F|  |TAMS 0x000000074a200000, 0x000000074a200000| Untracked 
|  82|0x000000074a400000, 0x000000074a400000, 0x000000074a600000|  0%| F|  |TAMS 0x000000074a400000, 0x000000074a400000| Untracked 
|  83|0x000000074a600000, 0x000000074a600000, 0x000000074a800000|  0%| F|  |TAMS 0x000000074a600000, 0x000000074a600000| Untracked 
|  84|0x000000074a800000, 0x000000074a800000, 0x000000074aa00000|  0%| F|  |TAMS 0x000000074a800000, 0x000000074a800000| Untracked 
|  85|0x000000074aa00000, 0x000000074aa00000, 0x000000074ac00000|  0%| F|  |TAMS 0x000000074aa00000, 0x000000074aa00000| Untracked 
|  86|0x000000074ac00000, 0x000000074ac00000, 0x000000074ae00000|  0%| F|  |TAMS 0x000000074ac00000, 0x000000074ac00000| Untracked 
|  87|0x000000074ae00000, 0x000000074ae00000, 0x000000074b000000|  0%| F|  |TAMS 0x000000074ae00000, 0x000000074ae00000| Untracked 
|  88|0x000000074b000000, 0x000000074b000000, 0x000000074b200000|  0%| F|  |TAMS 0x000000074b000000, 0x000000074b000000| Untracked 
|  89|0x000000074b200000, 0x000000074b200000, 0x000000074b400000|  0%| F|  |TAMS 0x000000074b200000, 0x000000074b200000| Untracked 
|  90|0x000000074b400000, 0x000000074b400000, 0x000000074b600000|  0%| F|  |TAMS 0x000000074b400000, 0x000000074b400000| Untracked 
|  91|0x000000074b600000, 0x000000074b600000, 0x000000074b800000|  0%| F|  |TAMS 0x000000074b600000, 0x000000074b600000| Untracked 
|  92|0x000000074b800000, 0x000000074b800000, 0x000000074ba00000|  0%| F|  |TAMS 0x000000074b800000, 0x000000074b800000| Untracked 
|  93|0x000000074ba00000, 0x000000074ba00000, 0x000000074bc00000|  0%| F|  |TAMS 0x000000074ba00000, 0x000000074ba00000| Untracked 
|  94|0x000000074bc00000, 0x000000074bc00000, 0x000000074be00000|  0%| F|  |TAMS 0x000000074bc00000, 0x000000074bc00000| Untracked 
|  95|0x000000074be00000, 0x000000074be00000, 0x000000074c000000|  0%| F|  |TAMS 0x000000074be00000, 0x000000074be00000| Untracked 

Card table byte_map: [0x000001251fc40000,0x0000012520240000] _byte_map_base: 0x000001251c240000

Marking Bits (Prev, Next): (CMBitMap*) 0x0000012519037d50, (CMBitMap*) 0x0000012519037d90
 Prev Bits: [0x0000012520840000, 0x0000012523840000)
 Next Bits: [0x0000012523840000, 0x0000012526840000)

Polling page: 0x0000012516ef0000

Metaspace:

Usage:
  Non-class:     18.33 MB used.
      Class:      2.39 MB used.
       Both:     20.72 MB used.

Virtual space:
  Non-class space:       24.00 MB reserved,      18.44 MB ( 77%) committed,  3 nodes.
      Class space:        1.00 GB reserved,       2.56 MB ( <1%) committed,  1 nodes.
             Both:        1.02 GB reserved,      21.00 MB (  2%) committed. 

Chunk freelists:
   Non-Class:  1.50 MB
       Class:  1.48 MB
        Both:  2.98 MB

MaxMetaspaceSize: unlimited
CompressedClassSpaceSize: 1.00 GB
Initial GC threshold: 21.00 MB
Current GC threshold: 21.00 MB
CDS: off
MetaspaceReclaimPolicy: balanced
 - commit_granule_bytes: 65536.
 - commit_granule_words: 8192.
 - virtual_space_node_default_size: 1048576.
 - enlarge_chunks_in_place: 1.
 - new_chunks_are_fully_committed: 0.
 - uncommit_free_chunks: 1.
 - use_allocation_guard: 0.
 - handle_deallocations: 1.


Internal statistics:

num_allocs_failed_limit: 3.
num_arena_births: 258.
num_arena_deaths: 0.
num_vsnodes_births: 4.
num_vsnodes_deaths: 0.
num_space_committed: 336.
num_space_uncommitted: 0.
num_chunks_returned_to_freelist: 3.
num_chunks_taken_from_freelist: 612.
num_chunk_merges: 3.
num_chunk_splits: 376.
num_chunks_enlarged: 249.
num_purges: 0.
num_inconsistent_stats: 0.

CodeCache: size=49152Kb used=4741Kb max_used=4741Kb free=44410Kb
 bounds [0x000001251c640000, 0x000001251caf0000, 0x000001251f640000]
 total_blobs=2480 nmethods=2016 adapters=390
 compilation: enabled
              stopped_count=0, restarted_count=0
 full_count=0

Compilation events (20 events):
Event: 1.909 Thread 0x0000012518d4be60 2004       1       java.lang.invoke.InvokerBytecodeGenerator::emitReferenceCast (188 bytes)
Event: 1.909 Thread 0x0000012518d4be60 nmethod 2004 0x000001251cadcf90 code [0x000001251cadd200, 0x000001251cadd798]
Event: 1.910 Thread 0x000001252946daa0 2006       1       java.util.Arrays::fill (28 bytes)
Event: 1.910 Thread 0x000001252946daa0 nmethod 2006 0x000001251caddd90 code [0x000001251caddf40, 0x000001251cade148]
Event: 1.911 Thread 0x0000012518d4be60 2009       1       java.lang.invoke.LambdaFormBuffer::indexOf (33 bytes)
Event: 1.911 Thread 0x0000012518d4be60 nmethod 2009 0x000001251cade890 code [0x000001251cadea40, 0x000001251cadebb8]
Event: 1.915 Thread 0x000001252946daa0 2011       1       java.util.LinkedHashMap::get (29 bytes)
Event: 1.915 Thread 0x000001252946daa0 nmethod 2011 0x000001251cadef90 code [0x000001251cadf140, 0x000001251cadf2b8]
Event: 1.916 Thread 0x000001252946daa0 2012       1       ch.qos.logback.classic.Logger::getChildByName (68 bytes)
Event: 1.916 Thread 0x000001252946daa0 nmethod 2012 0x000001251cadf390 code [0x000001251cadf560, 0x000001251cadf7c8]
Event: 1.924 Thread 0x000001252946daa0 2013       1       java.security.PermissionCollection::isReadOnly (5 bytes)
Event: 1.924 Thread 0x000001252946daa0 nmethod 2013 0x000001251cae0290 code [0x000001251cae0420, 0x000001251cae04f8]
Event: 1.924 Thread 0x0000012518d4be60 2014       1       java.util.LinkedHashMap::afterNodeInsertion (40 bytes)
Event: 1.925 Thread 0x0000012518d4be60 nmethod 2014 0x000001251cae0590 code [0x000001251cae0740, 0x000001251cae0908]
Event: 1.925 Thread 0x000001252946daa0 2015       1       java.util.LinkedHashMap::newNode (23 bytes)
Event: 1.925 Thread 0x000001252946daa0 nmethod 2015 0x000001251cae0a10 code [0x000001251cae0bc0, 0x000001251cae0ff8]
Event: 1.927 Thread 0x0000012518d4be60 2016       1       java.lang.ClassLoader::getUnnamedModule (5 bytes)
Event: 1.927 Thread 0x0000012518d4be60 nmethod 2016 0x000001251cae1110 code [0x000001251cae12a0, 0x000001251cae1378]
Event: 1.937 Thread 0x0000012518d4be60 2017       1       java.util.concurrent.ConcurrentHashMap::isEmpty (15 bytes)
Event: 1.937 Thread 0x0000012518d4be60 nmethod 2017 0x000001251cae1410 code [0x000001251cae15a0, 0x000001251cae16a8]

GC Heap History (9 events):
Event: 0.472 GC heap before
{Heap before GC invocations=0 (full 0):
 garbage-first heap   total 196608K, used 6144K [0x0000000740000000, 0x0000000800000000)
  region size 2048K, 4 young (8192K), 0 survivors (0K)
 Metaspace       used 8378K, committed 8576K, reserved 1056768K
  class space    used 791K, committed 896K, reserved 1048576K
}
Event: 0.478 GC heap after
{Heap after GC invocations=1 (full 0):
 garbage-first heap   total 196608K, used 4380K [0x0000000740000000, 0x0000000800000000)
  region size 2048K, 1 young (2048K), 1 survivors (2048K)
 Metaspace       used 8378K, committed 8576K, reserved 1056768K
  class space    used 791K, committed 896K, reserved 1048576K
}
Event: 0.856 GC heap before
{Heap before GC invocations=1 (full 0):
 garbage-first heap   total 196608K, used 10524K [0x0000000740000000, 0x0000000800000000)
  region size 2048K, 4 young (8192K), 1 survivors (2048K)
 Metaspace       used 13414K, committed 13632K, reserved 1064960K
  class space    used 1365K, committed 1472K, reserved 1048576K
}
Event: 0.861 GC heap after
{Heap after GC invocations=2 (full 0):
 garbage-first heap   total 196608K, used 5768K [0x0000000740000000, 0x0000000800000000)
  region size 2048K, 1 young (2048K), 1 survivors (2048K)
 Metaspace       used 13414K, committed 13632K, reserved 1064960K
  class space    used 1365K, committed 1472K, reserved 1048576K
}
Event: 1.095 GC heap before
{Heap before GC invocations=2 (full 0):
 garbage-first heap   total 196608K, used 9864K [0x0000000740000000, 0x0000000800000000)
  region size 2048K, 4 young (8192K), 1 survivors (2048K)
 Metaspace       used 15048K, committed 15360K, reserved 1064960K
  class space    used 1589K, committed 1728K, reserved 1048576K
}
Event: 1.101 GC heap after
{Heap after GC invocations=3 (full 0):
 garbage-first heap   total 196608K, used 6776K [0x0000000740000000, 0x0000000800000000)
  region size 2048K, 1 young (2048K), 1 survivors (2048K)
 Metaspace       used 15048K, committed 15360K, reserved 1064960K
  class space    used 1589K, committed 1728K, reserved 1048576K
}
Event: 1.209 GC heap before
{Heap before GC invocations=3 (full 0):
 garbage-first heap   total 196608K, used 21112K [0x0000000740000000, 0x0000000800000000)
  region size 2048K, 9 young (18432K), 1 survivors (2048K)
 Metaspace       used 15822K, committed 16064K, reserved 1064960K
  class space    used 1692K, committed 1792K, reserved 1048576K
}
Event: 1.212 GC heap after
{Heap after GC invocations=4 (full 0):
 garbage-first heap   total 196608K, used 7115K [0x0000000740000000, 0x0000000800000000)
  region size 2048K, 1 young (2048K), 1 survivors (2048K)
 Metaspace       used 15822K, committed 16064K, reserved 1064960K
  class space    used 1692K, committed 1792K, reserved 1048576K
}
Event: 1.940 GC heap before
{Heap before GC invocations=4 (full 0):
 garbage-first heap   total 196608K, used 56267K [0x0000000740000000, 0x0000000800000000)
  region size 2048K, 27 young (55296K), 1 survivors (2048K)
 Metaspace       used 21218K, committed 21504K, reserved 1073152K
  class space    used 2448K, committed 2624K, reserved 1048576K
}

Deoptimization events (2 events):
Event: 0.457 Thread 0x0000012518ff18a0 DEOPT PACKING pc=0x000001251c871901 sp=0x000000246b5fcf20
Event: 0.457 Thread 0x0000012518ff18a0 DEOPT UNPACKING pc=0x000001251c696763 sp=0x000000246b5fc390 mode 3

Classes unloaded (0 events):
No events

Classes redefined (0 events):
No events

Internal exceptions (20 events):
Event: 1.608 Thread 0x0000012518fde8f0 Exception <a 'java/lang/NoSuchMethodError'{0x000000074985e428}: 'java.lang.Object java.lang.invoke.DirectMethodHandle$Holder.newInvokeSpecial(java.lang.Object, java.lang.Object, java.lang.Object, java.lang.Object, java.lang.Object, java.lang.Object, int)'> (0x000000074985e428) 
thrown [e:\jenkins\tmp\workspace\build\src\src\hotspot\share\interpreter\linkResolver.cpp, line 766]
Event: 1.608 Thread 0x0000012518fde8f0 Exception <a 'java/lang/NoSuchMethodError'{0x0000000749863468}: 'java.lang.Object java.lang.invoke.DirectMethodHandle$Holder.invokeSpecial(java.lang.Object, java.lang.Object, java.lang.Object, java.lang.Object, java.lang.Object, java.lang.Object, java.lang.Object, int)'> (0x0000000749863468) 
thrown [e:\jenkins\tmp\workspace\build\src\src\hotspot\share\interpreter\linkResolver.cpp, line 766]
Event: 1.623 Thread 0x0000012529f6f040 Exception <a 'java/lang/reflect/InvocationTargetException'{0x0000000749601bc0}> (0x0000000749601bc0) 
thrown [e:\jenkins\tmp\workspace\build\src\src\hotspot\share\runtime\reflection.cpp, line 1121]
Event: 1.706 Thread 0x0000012518fde8f0 Exception <a 'java/lang/NoSuchMethodError'{0x000000074972cf20}: 'int java.lang.invoke.DirectMethodHandle$Holder.invokeVirtual(java.lang.Object, java.lang.Object)'> (0x000000074972cf20) 
thrown [e:\jenkins\tmp\workspace\build\src\src\hotspot\share\interpreter\linkResolver.cpp, line 766]
Event: 1.720 Thread 0x0000012518fde8f0 Exception <a 'java/lang/NoSuchMethodError'{0x00000007497d0d80}: 'java.lang.Object java.lang.invoke.DirectMethodHandle$Holder.invokeSpecial(java.lang.Object, java.lang.Object, java.lang.Object, int, java.lang.Object)'> (0x00000007497d0d80) 
thrown [e:\jenkins\tmp\workspace\build\src\src\hotspot\share\interpreter\linkResolver.cpp, line 766]
Event: 1.721 Thread 0x0000012518fde8f0 Exception <a 'java/lang/NoSuchMethodError'{0x00000007497d92f0}: 'java.lang.Object java.lang.invoke.DirectMethodHandle$Holder.newInvokeSpecial(java.lang.Object, java.lang.Object, java.lang.Object, int, java.lang.Object)'> (0x00000007497d92f0) 
thrown [e:\jenkins\tmp\workspace\build\src\src\hotspot\share\interpreter\linkResolver.cpp, line 766]
Event: 1.722 Thread 0x0000012518fde8f0 Exception <a 'java/lang/NoSuchMethodError'{0x00000007497f0060}: 'java.lang.Object java.lang.invoke.DirectMethodHandle$Holder.newInvokeSpecial(java.lang.Object, int, java.lang.Object)'> (0x00000007497f0060) 
thrown [e:\jenkins\tmp\workspace\build\src\src\hotspot\share\interpreter\linkResolver.cpp, line 766]
Event: 1.723 Thread 0x0000012518fde8f0 Exception <a 'java/lang/NoSuchMethodError'{0x00000007497f4030}: 'int java.lang.invoke.DirectMethodHandle$Holder.invokeSpecialIFC(java.lang.Object, java.lang.Object, java.lang.Object, java.lang.Object)'> (0x00000007497f4030) 
thrown [e:\jenkins\tmp\workspace\build\src\src\hotspot\share\interpreter\linkResolver.cpp, line 766]
Event: 1.760 Thread 0x0000012518fde8f0 Exception <a 'java/lang/NoSuchMethodError'{0x00000007494b3328}: 'java.lang.Object java.lang.invoke.DirectMethodHandle$Holder.invokeInterface(java.lang.Object, java.lang.Object)'> (0x00000007494b3328) 
thrown [e:\jenkins\tmp\workspace\build\src\src\hotspot\share\interpreter\linkResolver.cpp, line 766]
Event: 1.777 Thread 0x0000012518fde8f0 Exception <a 'java/lang/NoSuchMethodError'{0x00000007494c4570}: 'void java.lang.invoke.DirectMethodHandle$Holder.invokeInterface(java.lang.Object, java.lang.Object, java.lang.Object)'> (0x00000007494c4570) 
thrown [e:\jenkins\tmp\workspace\build\src\src\hotspot\share\interpreter\linkResolver.cpp, line 766]
Event: 1.796 Thread 0x0000012518fde8f0 Exception <a 'java/lang/NoSuchMethodError'{0x000000074958c958}: 'java.lang.Object java.lang.invoke.DirectMethodHandle$Holder.invokeVirtual(java.lang.Object, java.lang.Object, java.lang.Object)'> (0x000000074958c958) 
thrown [e:\jenkins\tmp\workspace\build\src\src\hotspot\share\interpreter\linkResolver.cpp, line 766]
Event: 1.817 Thread 0x0000012518fde8f0 Exception <a 'java/lang/NoSuchMethodError'{0x0000000749228a28}: 'void java.lang.invoke.DirectMethodHandle$Holder.invokeStatic(java.lang.Object, java.lang.Object, int)'> (0x0000000749228a28) 
thrown [e:\jenkins\tmp\workspace\build\src\src\hotspot\share\interpreter\linkResolver.cpp, line 766]
Event: 1.819 Thread 0x0000012518fde8f0 Exception <a 'java/lang/NoSuchMethodError'{0x0000000749230798}: 'void java.lang.invoke.DirectMethodHandle$Holder.invokeStaticInit(java.lang.Object, java.lang.Object)'> (0x0000000749230798) 
thrown [e:\jenkins\tmp\workspace\build\src\src\hotspot\share\interpreter\linkResolver.cpp, line 766]
Event: 1.821 Thread 0x0000012518fde8f0 Exception <a 'java/lang/NoSuchMethodError'{0x000000074923e170}: 'void java.lang.invoke.DirectMethodHandle$Holder.invokeStaticInit(java.lang.Object, java.lang.Object, java.lang.Object)'> (0x000000074923e170) 
thrown [e:\jenkins\tmp\workspace\build\src\src\hotspot\share\interpreter\linkResolver.cpp, line 766]
Event: 1.835 Thread 0x0000012518fde8f0 Exception <a 'java/lang/NoSuchMethodError'{0x000000074928e548}: 'void java.lang.invoke.DirectMethodHandle$Holder.invokeVirtual(java.lang.Object, java.lang.Object, java.lang.Object, java.lang.Object)'> (0x000000074928e548) 
thrown [e:\jenkins\tmp\workspace\build\src\src\hotspot\share\interpreter\linkResolver.cpp, line 766]
Event: 1.866 Thread 0x0000012518fde8f0 Exception <a 'java/lang/NoSuchMethodError'{0x00000007493d3220}: 'void java.lang.invoke.DirectMethodHandle$Holder.invokeSpecial(java.lang.Object, java.lang.Object, java.lang.Object)'> (0x00000007493d3220) 
thrown [e:\jenkins\tmp\workspace\build\src\src\hotspot\share\interpreter\linkResolver.cpp, line 766]
Event: 1.867 Thread 0x0000012518fde8f0 Exception <a 'java/lang/NoSuchMethodError'{0x00000007493d97f8}: 'void java.lang.invoke.DirectMethodHandle$Holder.invokeSpecial(java.lang.Object, java.lang.Object, java.lang.Object, java.lang.Object, java.lang.Object)'> (0x00000007493d97f8) 
thrown [e:\jenkins\tmp\workspace\build\src\src\hotspot\share\interpreter\linkResolver.cpp, line 766]
Event: 1.875 Thread 0x0000012518fe1440 Exception <a 'java/lang/NoClassDefFoundError'{0x00000007490182d8}: javax/validation/Validation> (0x00000007490182d8) 
thrown [e:\jenkins\tmp\workspace\build\src\src\hotspot\share\classfile\systemDictionary.cpp, line 245]
Event: 1.901 Thread 0x0000012518fe1440 Exception <a 'java/lang/NoSuchMethodError'{0x0000000748f22b90}: 'java.lang.Object java.lang.invoke.DirectMethodHandle$Holder.invokeStaticInit(java.lang.Object, java.lang.Object, java.lang.Object)'> (0x0000000748f22b90) 
thrown [e:\jenkins\tmp\workspace\build\src\src\hotspot\share\interpreter\linkResolver.cpp, line 766]
Event: 1.902 Thread 0x0000012518fe1440 Exception <a 'java/lang/NoSuchMethodError'{0x0000000748f28a80}: 'java.lang.Object java.lang.invoke.DirectMethodHandle$Holder.invokeStaticInit(java.lang.Object, java.lang.Object, java.lang.Object, java.lang.Object, java.lang.Object)'> (0x0000000748f28a80) 
thrown [e:\jenkins\tmp\workspace\build\src\src\hotspot\share\interpreter\linkResolver.cpp, line 766]

VM Operations (20 events):
Event: 0.688 Executing VM operation: HandshakeAllThreads done
Event: 0.856 Executing VM operation: G1CollectForAllocation
Event: 0.861 Executing VM operation: G1CollectForAllocation done
Event: 0.970 Executing VM operation: HandshakeAllThreads
Event: 0.985 Executing VM operation: HandshakeAllThreads done
Event: 1.060 Executing VM operation: HandshakeAllThreads
Event: 1.078 Executing VM operation: HandshakeAllThreads done
Event: 1.095 Executing VM operation: G1CollectForAllocation
Event: 1.101 Executing VM operation: G1CollectForAllocation done
Event: 1.208 Executing VM operation: G1CollectForAllocation
Event: 1.212 Executing VM operation: G1CollectForAllocation done
Event: 1.387 Executing VM operation: HandshakeAllThreads
Event: 1.387 Executing VM operation: HandshakeAllThreads done
Event: 1.703 Executing VM operation: HandshakeAllThreads
Event: 1.703 Executing VM operation: HandshakeAllThreads done
Event: 1.884 Executing VM operation: ICBufferFull
Event: 1.884 Executing VM operation: ICBufferFull done
Event: 1.884 Executing VM operation: HandshakeAllThreads
Event: 1.884 Executing VM operation: HandshakeAllThreads done
Event: 1.940 Executing VM operation: CollectForMetadataAllocation

Events (20 events):
Event: 1.917 loading class jdk/xml/internal/JdkProperty$ImplPropMap
Event: 1.917 loading class jdk/xml/internal/JdkProperty$ImplPropMap done
Event: 1.917 loading class jdk/xml/internal/JdkProperty$State
Event: 1.917 loading class jdk/xml/internal/JdkProperty$State done
Event: 1.918 loading class com/sun/org/apache/xalan/internal/utils/XMLSecurityPropertyManager
Event: 1.918 loading class com/sun/org/apache/xalan/internal/utils/FeaturePropertyBase
Event: 1.918 loading class com/sun/org/apache/xalan/internal/utils/FeaturePropertyBase done
Event: 1.918 loading class com/sun/org/apache/xalan/internal/utils/XMLSecurityPropertyManager done
Event: 1.918 loading class com/sun/org/apache/xalan/internal/utils/FeaturePropertyBase$State
Event: 1.918 loading class com/sun/org/apache/xalan/internal/utils/FeaturePropertyBase$State done
Event: 1.918 loading class com/sun/org/apache/xalan/internal/utils/XMLSecurityPropertyManager$Property
Event: 1.918 loading class com/sun/org/apache/xalan/internal/utils/XMLSecurityPropertyManager$Property done
Event: 1.918 loading class com/sun/org/apache/xalan/internal/utils/XMLSecurityManager
Event: 1.918 loading class com/sun/org/apache/xalan/internal/utils/XMLSecurityManager done
Event: 1.918 loading class com/sun/org/apache/xalan/internal/utils/XMLSecurityManager$Limit
Event: 1.918 loading class com/sun/org/apache/xalan/internal/utils/XMLSecurityManager$Limit done
Event: 1.918 loading class com/sun/org/apache/xalan/internal/utils/XMLSecurityManager$NameMap
Event: 1.918 loading class com/sun/org/apache/xalan/internal/utils/XMLSecurityManager$NameMap done
Event: 1.919 loading class jdk/xml/internal/JdkProperty
Event: 1.919 loading class jdk/xml/internal/JdkProperty done


Dynamic libraries:
0x00007ff66af50000 - 0x00007ff66af5e000 	C:\Users\Public\sts-4.13.1.RELEASE\plugins\org.eclipse.justj.openjdk.hotspot.jre.full.win32.x86_64_17.0.1.v20211116-1657\jre\bin\javaw.exe
0x00007ffa642d0000 - 0x00007ffa644c8000 	C:\Windows\SYSTEM32\ntdll.dll
0x00007ffa624a0000 - 0x00007ffa6255d000 	C:\Windows\System32\KERNEL32.DLL
0x00007ffa619c0000 - 0x00007ffa61c8e000 	C:\Windows\System32\KERNELBASE.dll
0x00007ffa61e60000 - 0x00007ffa61f60000 	C:\Windows\System32\ucrtbase.dll
0x00007ffa33060000 - 0x00007ffa33078000 	C:\Users\Public\sts-4.13.1.RELEASE\plugins\org.eclipse.justj.openjdk.hotspot.jre.full.win32.x86_64_17.0.1.v20211116-1657\jre\bin\jli.dll
0x00007ffa63a30000 - 0x00007ffa63bd0000 	C:\Windows\System32\USER32.dll
0x00007ffa61de0000 - 0x00007ffa61e02000 	C:\Windows\System32\win32u.dll
0x00007ffa63990000 - 0x00007ffa639ba000 	C:\Windows\System32\GDI32.dll
0x00007ffa62180000 - 0x00007ffa6228b000 	C:\Windows\System32\gdi32full.dll
0x00007ffa61c90000 - 0x00007ffa61d2d000 	C:\Windows\System32\msvcp_win.dll
0x00007ffa29f90000 - 0x00007ffa29fa9000 	C:\Users\Public\sts-4.13.1.RELEASE\plugins\org.eclipse.justj.openjdk.hotspot.jre.full.win32.x86_64_17.0.1.v20211116-1657\jre\bin\VCRUNTIME140.dll
0x00007ffa5db60000 - 0x00007ffa5ddfa000 	C:\Windows\WinSxS\amd64_microsoft.windows.common-controls_6595b64144ccf1df_6.0.19041.1110_none_60b5254171f9507e\COMCTL32.dll
0x00007ffa63bd0000 - 0x00007ffa63c6e000 	C:\Windows\System32\msvcrt.dll
0x00007ffa63c70000 - 0x00007ffa63ca0000 	C:\Windows\System32\IMM32.DLL
0x00007ffa61870000 - 0x00007ffa618a8000 	C:\Program Files\Citrix\System32\MfApHook64.dll
0x00007ffa61700000 - 0x00007ffa61712000 	C:\Program Files\Citrix\IcaService\FullScreenHook64.dll
0x00007ffa638e0000 - 0x00007ffa6398e000 	C:\Windows\System32\ADVAPI32.dll
0x00007ffa63d90000 - 0x00007ffa63e2c000 	C:\Windows\System32\sechost.dll
0x00007ffa62af0000 - 0x00007ffa62c15000 	C:\Windows\System32\RPCRT4.dll
0x00007ffa29ef0000 - 0x00007ffa29f81000 	C:\Users\Public\sts-4.13.1.RELEASE\plugins\org.eclipse.justj.openjdk.hotspot.jre.full.win32.x86_64_17.0.1.v20211116-1657\jre\bin\MSVCP140.dll
0x00007ffa2aca0000 - 0x00007ffa2acac000 	C:\Users\Public\sts-4.13.1.RELEASE\plugins\org.eclipse.justj.openjdk.hotspot.jre.full.win32.x86_64_17.0.1.v20211116-1657\jre\bin\VCRUNTIME140_1.dll
0x00007ffa61220000 - 0x00007ffa6124a000 	C:\Program Files\Citrix\ICAService\ShellHook64.dll
0x00007ffa62440000 - 0x00007ffa62495000 	C:\Windows\System32\SHLWAPI.dll
0x00007ffa61110000 - 0x00007ffa6121f000 	C:\Program Files\Citrix\IcaService\SCardHook64.dll
0x00007ffa61020000 - 0x00007ffa61040000 	C:\Program Files\Citrix\ICAService\cxinjime64.dll
0x00007ffa60ff0000 - 0x00007ffa61016000 	C:\Program Files\Citrix\ICAService\PicaWtsHook64.dll
0x00007ffa288c0000 - 0x00007ffa29506000 	C:\Users\Public\sts-4.13.1.RELEASE\plugins\org.eclipse.justj.openjdk.hotspot.jre.full.win32.x86_64_17.0.1.v20211116-1657\jre\bin\server\jvm.dll
0x00007ffa639c0000 - 0x00007ffa639c8000 	C:\Windows\System32\PSAPI.DLL
0x00007ffa45780000 - 0x00007ffa45789000 	C:\Windows\SYSTEM32\WSOCK32.dll
0x00007ffa63e30000 - 0x00007ffa63e9b000 	C:\Windows\System32\WS2_32.dll
0x00007ffa59ab0000 - 0x00007ffa59ad7000 	C:\Windows\SYSTEM32\WINMM.dll
0x00007ffa61270000 - 0x00007ffa6127a000 	C:\Windows\SYSTEM32\VERSION.dll
0x00007ffa5f1a0000 - 0x00007ffa5f1b2000 	C:\Windows\SYSTEM32\kernel.appcore.dll
0x00007ffa4f720000 - 0x00007ffa4f72a000 	C:\Users\Public\sts-4.13.1.RELEASE\plugins\org.eclipse.justj.openjdk.hotspot.jre.full.win32.x86_64_17.0.1.v20211116-1657\jre\bin\jimage.dll
0x00007ffa5eb80000 - 0x00007ffa5ed64000 	C:\Windows\SYSTEM32\DBGHELP.DLL
0x00007ffa458f0000 - 0x00007ffa4591c000 	C:\Windows\SYSTEM32\dbgcore.DLL
0x00007ffa61f90000 - 0x00007ffa62012000 	C:\Windows\System32\bcryptPrimitives.dll
0x00007ffa2fb60000 - 0x00007ffa2fb85000 	C:\Users\Public\sts-4.13.1.RELEASE\plugins\org.eclipse.justj.openjdk.hotspot.jre.full.win32.x86_64_17.0.1.v20211116-1657\jre\bin\java.dll
0x00007ffa2f680000 - 0x00007ffa2f698000 	C:\Users\Public\sts-4.13.1.RELEASE\plugins\org.eclipse.justj.openjdk.hotspot.jre.full.win32.x86_64_17.0.1.v20211116-1657\jre\bin\zip.dll
0x00007ffa62dd0000 - 0x00007ffa63514000 	C:\Windows\System32\SHELL32.dll
0x00007ffa5f1c0000 - 0x00007ffa5f954000 	C:\Windows\SYSTEM32\windows.storage.dll
0x00007ffa63f00000 - 0x00007ffa64254000 	C:\Windows\System32\combase.dll
0x00007ffa60bf0000 - 0x00007ffa60c20000 	C:\Windows\SYSTEM32\Wldp.dll
0x00007ffa63710000 - 0x00007ffa637bd000 	C:\Windows\System32\SHCORE.dll
0x00007ffa617a0000 - 0x00007ffa617bf000 	C:\Windows\SYSTEM32\profapi.dll
0x00007ffa2a6d0000 - 0x00007ffa2a6e9000 	C:\Users\Public\sts-4.13.1.RELEASE\plugins\org.eclipse.justj.openjdk.hotspot.jre.full.win32.x86_64_17.0.1.v20211116-1657\jre\bin\net.dll
0x00007ffa60210000 - 0x00007ffa6031a000 	C:\Windows\SYSTEM32\WINHTTP.dll
0x00007ffa60900000 - 0x00007ffa6096a000 	C:\Windows\system32\mswsock.dll
0x00007ffa297e0000 - 0x00007ffa297f5000 	C:\Users\Public\sts-4.13.1.RELEASE\plugins\org.eclipse.justj.openjdk.hotspot.jre.full.win32.x86_64_17.0.1.v20211116-1657\jre\bin\nio.dll
0x00007ffa29e80000 - 0x00007ffa29e89000 	C:\Users\Public\sts-4.13.1.RELEASE\plugins\org.eclipse.justj.openjdk.hotspot.jre.full.win32.x86_64_17.0.1.v20211116-1657\jre\bin\management.dll
0x00007ffa29e70000 - 0x00007ffa29e7b000 	C:\Users\Public\sts-4.13.1.RELEASE\plugins\org.eclipse.justj.openjdk.hotspot.jre.full.win32.x86_64_17.0.1.v20211116-1657\jre\bin\management_ext.dll
0x00007ffa560e0000 - 0x00007ffa560f7000 	C:\Windows\system32\napinsp.dll
0x00007ffa56100000 - 0x00007ffa5611b000 	C:\Windows\system32\pnrpnsp.dll
0x00007ffa56120000 - 0x00007ffa56135000 	C:\Windows\system32\wshbth.dll
0x00007ffa5c2e0000 - 0x00007ffa5c2fd000 	C:\Windows\system32\NLAapi.dll
0x00007ffa60600000 - 0x00007ffa6063b000 	C:\Windows\SYSTEM32\IPHLPAPI.DLL
0x00007ffa60640000 - 0x00007ffa6070b000 	C:\Windows\SYSTEM32\DNSAPI.dll
0x00007ffa62560000 - 0x00007ffa62568000 	C:\Windows\System32\NSI.dll
0x00007ffa56240000 - 0x00007ffa56252000 	C:\Windows\System32\winrnr.dll
0x00007ffa59b70000 - 0x00007ffa59b7a000 	C:\Windows\System32\rasadhlp.dll
0x00007ffa5bcd0000 - 0x00007ffa5bd50000 	C:\Windows\System32\fwpuclnt.dll
0x00007ffa61f60000 - 0x00007ffa61f87000 	C:\Windows\System32\bcrypt.dll
0x00007ffa60b00000 - 0x00007ffa60b18000 	C:\Windows\SYSTEM32\CRYPTSP.dll
0x00007ffa60180000 - 0x00007ffa601b4000 	C:\Windows\system32\rsaenh.dll
0x00007ffa61760000 - 0x00007ffa6178e000 	C:\Windows\SYSTEM32\USERENV.dll
0x00007ffa60af0000 - 0x00007ffa60afc000 	C:\Windows\SYSTEM32\CRYPTBASE.dll
0x00007ffa5ba10000 - 0x00007ffa5ba27000 	C:\Windows\SYSTEM32\dhcpcsvc6.DLL
0x00007ffa5b9a0000 - 0x00007ffa5b9bd000 	C:\Windows\SYSTEM32\dhcpcsvc.DLL
0x00007ffa32bf0000 - 0x00007ffa32c00000 	C:\Users\Public\sts-4.13.1.RELEASE\plugins\org.eclipse.justj.openjdk.hotspot.jre.full.win32.x86_64_17.0.1.v20211116-1657\jre\bin\verify.dll

dbghelp: loaded successfully - version: 4.0.5 - missing functions: none
symbol engine: initialized successfully - sym options: 0x614 - pdb path: .;C:\Users\Public\sts-4.13.1.RELEASE\plugins\org.eclipse.justj.openjdk.hotspot.jre.full.win32.x86_64_17.0.1.v20211116-1657\jre\bin;C:\Windows\SYSTEM32;C:\Windows\WinSxS\amd64_microsoft.windows.common-controls_6595b64144ccf1df_6.0.19041.1110_none_60b5254171f9507e;C:\Program Files\Citrix\System32;C:\Program Files\Citrix\IcaService;C:\Users\Public\sts-4.13.1.RELEASE\plugins\org.eclipse.justj.openjdk.hotspot.jre.full.win32.x86_64_17.0.1.v20211116-1657\jre\bin\server

VM Arguments:
jvm_args: -Dcom.sun.management.jmxremote -Dcom.sun.management.jmxremote.port=65041 -Dcom.sun.management.jmxremote.authenticate=false -Dcom.sun.management.jmxremote.ssl=false -Djava.rmi.server.hostname=localhost -Dspring.jmx.enabled=true -Dspring.application.admin.enabled=true -XX:TieredStopAtLevel=1 -Dspring.boot.project.name=VisitDetails -Dfile.encoding=UTF-8 -XX:+ShowCodeDetailsInExceptionMessages 
java_command: com.impact.pms.VisitDetailsApplication --spring.output.ansi.enabled=always
java_class_path (initial): C:\FinalImpactProject\VisitDetails\target\classes;C:\Users\KrishnaY3\.m2\repository\org\springframework\boot\spring-boot-starter-data-jpa\2.7.2\spring-boot-starter-data-jpa-2.7.2.jar;C:\Users\KrishnaY3\.m2\repository\org\springframework\boot\spring-boot-starter-aop\2.7.2\spring-boot-starter-aop-2.7.2.jar;C:\Users\KrishnaY3\.m2\repository\org\springframework\spring-aop\5.3.22\spring-aop-5.3.22.jar;C:\Users\KrishnaY3\.m2\repository\org\aspectj\aspectjweaver\1.9.7\aspectjweaver-1.9.7.jar;C:\Users\KrishnaY3\.m2\repository\org\springframework\boot\spring-boot-starter-jdbc\2.7.2\spring-boot-starter-jdbc-2.7.2.jar;C:\Users\KrishnaY3\.m2\repository\com\zaxxer\HikariCP\4.0.3\HikariCP-4.0.3.jar;C:\Users\KrishnaY3\.m2\repository\org\springframework\spring-jdbc\5.3.22\spring-jdbc-5.3.22.jar;C:\Users\KrishnaY3\.m2\repository\jakarta\transaction\jakarta.transaction-api\1.3.3\jakarta.transaction-api-1.3.3.jar;C:\Users\KrishnaY3\.m2\repository\jakarta\persistence\jakarta.persistence-api\2.2.3\jakarta.persistence-api-2.2.3.jar;C:\Users\KrishnaY3\.m2\repository\org\hibernate\hibernate-core\5.6.10.Final\hibernate-core-5.6.10.Final.jar;C:\Users\KrishnaY3\.m2\repository\org\jboss\logging\jboss-logging\3.4.3.Final\jboss-logging-3.4.3.Final.jar;C:\Users\KrishnaY3\.m2\repository\net\bytebuddy\byte-buddy\1.12.12\byte-buddy-1.12.12.jar;C:\Users\KrishnaY3\.m2\repository\antlr\antlr\2.7.7\antlr-2.7.7.jar;C:\Users\KrishnaY3\.m2\repository\org\jboss\jandex\2.4.2.Final\jandex-2.4.2.Final.jar;C:\Users\KrishnaY3\.m2\repository\com\fasterxml\classmate\1.5.1\classmate-1.5.1.jar;C:\Users\KrishnaY3\.m2\repository\org\hibernate\common\hibernate-commons-annotations\5.1.2.Final\hibernate-commons-annotations-5.1.2.Final.jar;C:\Users\KrishnaY3\.m2\repository\org\glassfish\jaxb\jaxb-runtime\2.3.6\jaxb-runtime-2.3.6.jar;C:\Users\KrishnaY3\.m2\repository\org\glassfish\jaxb\txw2\2.3.6\txw2-2.3.6.jar;C:\Users\KrishnaY3\.m2\repository\com\sun\istack\istack-commons-runtime\3.0.12\istac
Launcher Type: SUN_STANDARD

[Global flags]
     intx CICompilerCount                          = 2                                         {product} {ergonomic}
     uint ConcGCThreads                            = 1                                         {product} {ergonomic}
     uint G1ConcRefinementThreads                  = 2                                         {product} {ergonomic}
   size_t G1HeapRegionSize                         = 2097152                                   {product} {ergonomic}
    uintx GCDrainStackTargetSize                   = 64                                        {product} {ergonomic}
   size_t InitialHeapSize                          = 201326592                                 {product} {ergonomic}
     bool ManagementServer                         = true                                      {product} {command line}
   size_t MarkStackSize                            = 4194304                                   {product} {ergonomic}
   size_t MaxHeapSize                              = 3221225472                                {product} {ergonomic}
   size_t MaxNewSize                               = 1931476992                                {product} {ergonomic}
   size_t MinHeapDeltaBytes                        = 2097152                                   {product} {ergonomic}
   size_t MinHeapSize                              = 8388608                                   {product} {ergonomic}
    uintx NonProfiledCodeHeapSize                  = 0                                      {pd product} {ergonomic}
     bool ProfileInterpreter                       = false                                  {pd product} {command line}
    uintx ProfiledCodeHeapSize                     = 0                                      {pd product} {ergonomic}
     bool ShowCodeDetailsInExceptionMessages       = true                                   {manageable} {command line}
   size_t SoftMaxHeapSize                          = 3221225472                             {manageable} {ergonomic}
     intx TieredStopAtLevel                        = 1                                         {product} {command line}
     bool UseCompressedClassPointers               = true                           {product lp64_product} {ergonomic}
     bool UseCompressedOops                        = true                           {product lp64_product} {ergonomic}
     bool UseG1GC                                  = true                                      {product} {ergonomic}
     bool UseLargePagesIndividualAllocation        = false                                  {pd product} {ergonomic}

Logging:
Log output configuration:
 #0: stdout all=warning uptime,level,tags
 #1: stderr all=off uptime,level,tags

Environment Variables:
PATH=C:/Users/Public/sts-4.13.1.RELEASE//plugins/org.eclipse.justj.openjdk.hotspot.jre.full.win32.x86_64_17.0.1.v20211116-1657/jre/bin/server;C:/Users/Public/sts-4.13.1.RELEASE//plugins/org.eclipse.justj.openjdk.hotspot.jre.full.win32.x86_64_17.0.1.v20211116-1657/jre/bin;C:\Program Files (x86)\Common Files\Oracle\Java\javapath;C:\Windows\system32;C:\Windows;C:\Windows\System32\Wbem;C:\Windows\System32\WindowsPowerShell\v1.0\;C:\Windows\System32\OpenSSH\;C:\Program Files\Citrix\System32\;C:\Program Files\Citrix\ICAService\;C:\Program Files (x86)\CheckPoint\Endpoint Security\Endpoint Common\bin;C:\Program Files\nodejs\;C:\Program Files (x86)\Microsoft SQL Server\150\Tools\Binn\;C:\Program Files\Microsoft SQL Server\150\Tools\Binn\;C:\Program Files (x86)\Microsoft SQL Server\150\DTS\Binn\;C:\Program Files\Microsoft SQL Server\150\DTS\Binn\;C:\Program Files\Microsoft SQL Server\Client SDK\ODBC\170\Tools\Binn\;C:\Program Files\Azure Data Studio\bin;C:\Users\KrishnaY3\AppData\Local\Microsoft\WindowsApps;C:\Users\KrishnaY3\AppData\Roaming\npm;C:\Users\KrishnaY3\AppData\Local\Programs\Microsoft VS Code\bin;C:\Program Files\Notepad++;;C:\Users\Public\sts-4.13.1.RELEASE;
USERNAME=KrishnaY3
OS=Windows_NT
PROCESSOR_IDENTIFIER=Intel64 Family 6 Model 85 Stepping 7, GenuineIntel



---------------  S Y S T E M  ---------------

OS:
 Windows 10 , 64 bit Build 19041 (10.0.19041.1806)
OS uptime: 1 days 5:42 hours
VMWare virtualization detected

CPU: total 2 (initial active 2) (2 cores per cpu, 1 threads per core) family 6 model 85 stepping 7 microcode 0x5003103, cx8, cmov, fxsr, mmx, 3dnowpref, sse, sse2, sse3, ssse3, sse4.1, sse4.2, popcnt, lzcnt, tsc, tscinvbit, avx, avx2, aes, erms, clmul, bmi1, bmi2, adx, avx512f, avx512dq, avx512cd, avx512bw, avx512vl, fma, vzeroupper, clflush, clflushopt, clwb, hv

Memory: 4k page, system-wide physical 12287M (476M free)
TotalPageFile size 16383M (AvailPageFile size 17M)
current process WorkingSet (physical memory assigned to process): 127M, peak: 127M
current process commit charge ("private bytes"): 285M, peak: 324M

vm_info: OpenJDK 64-Bit Server VM (17.0.1+12) for windows-amd64 JRE (17.0.1+12), built on Oct 20 2021 07:42:55 by "" with MS VC++ 16.7 (VS2019)

END.
